# JRE version: Java(TM) SE Runtime Environment (8.0_45-b14) (build 1.8.0_45-b14)
# Java VM: Java HotSpot(TM) 64-Bit Server VM (25.45-b02 mixed mode windows-amd64 compressed oops)
Heap:
 PSYoungGen      total 298496K, used 264192K [0x00000000e0000000, 0x00000000ff680000, 0x0000000100000000)
  eden space 264192K, 100% used [0x00000000e0000000,0x00000000f0200000,0x00000000f0200000)
  from space 34304K, 0% used [0x00000000f0200000,0x00000000f0200000,0x00000000f2380000)
  to   space 121856K, 0% used [0x00000000f7f80000,0x00000000f7f80000,0x00000000ff680000)
 ParOldGen       total 1048576K, used 1048282K [0x00000000a0000000, 0x00000000e0000000, 0x00000000e0000000)
  object space 1048576K, 99% used [0x00000000a0000000,0x00000000dffb6810,0x00000000e0000000)
 Metaspace       used 243214K, capacity 252626K, committed 254896K, reserved 1271808K
  class space    used 30462K, capacity 32453K, committed 32944K, reserved 1048576K
GC Heap History (10 events):
Event: 15606.324 GC heap after
Heap after GC invocations=251 (full 206):
 PSYoungGen      total 298496K, used 264191K [0x00000000e0000000, 0x00000000ff680000, 0x0000000100000000)
  eden space 264192K, 99% used [0x00000000e0000000,0x00000000f01fffb8,0x00000000f0200000)
  from space 34304K, 0% used [0x00000000f0200000,0x00000000f0200000,0x00000000f2380000)
  to   space 121856K, 0% used [0x00000000f7f80000,0x00000000f7f80000,0x00000000ff680000)
 ParOldGen       total 1048576K, used 1048292K [0x00000000a0000000, 0x00000000e0000000, 0x00000000e0000000)
  object space 1048576K, 99% used [0x00000000a0000000,0x00000000dffb9098,0x00000000e0000000)
 Metaspace       used 243218K, capacity 252632K, committed 254896K, reserved 1271808K
  class space    used 30463K, capacity 32454K, committed 32944K, reserved 1048576K
}
Event: 15606.325 GC heap before
{Heap before GC invocations=252 (full 207):
 PSYoungGen      total 298496K, used 264192K [0x00000000e0000000, 0x00000000ff680000, 0x0000000100000000)
  eden space 264192K, 100% used [0x00000000e0000000,0x00000000f0200000,0x00000000f0200000)
  from space 34304K, 0% used [0x00000000f0200000,0x00000000f0200000,0x00000000f2380000)
  to   space 121856K, 0% used [0x00000000f7f80000,0x00000000f7f80000,0x00000000ff680000)
 ParOldGen       total 1048576K, used 1048292K [0x00000000a0000000, 0x00000000e0000000, 0x00000000e0000000)
  object space 1048576K, 99% used [0x00000000a0000000,0x00000000dffb9098,0x00000000e0000000)
 Metaspace       used 243218K, capacity 252632K, committed 254896K, reserved 1271808K
  class space    used 30463K, capacity 32454K, committed 32944K, reserved 1048576K
Event: 15606.921 GC heap after
Heap after GC invocations=252 (full 207):
 PSYoungGen      total 298496K, used 264192K [0x00000000e0000000, 0x00000000ff680000, 0x0000000100000000)
  eden space 264192K, 100% used [0x00000000e0000000,0x00000000f0200000,0x00000000f0200000)
  from space 34304K, 0% used [0x00000000f0200000,0x00000000f0200000,0x00000000f2380000)
  to   space 121856K, 0% used [0x00000000f7f80000,0x00000000f7f80000,0x00000000ff680000)
 ParOldGen       total 1048576K, used 1048292K [0x00000000a0000000, 0x00000000e0000000, 0x00000000e0000000)
  object space 1048576K, 99% used [0x00000000a0000000,0x00000000dffb9098,0x00000000e0000000)
 Metaspace       used 243218K, capacity 252632K, committed 254896K, reserved 1271808K
  class space    used 30463K, capacity 32454K, committed 32944K, reserved 1048576K
}
Event: 15606.922 GC heap before
{Heap before GC invocations=253 (full 208):
 PSYoungGen      total 298496K, used 264192K [0x00000000e0000000, 0x00000000ff680000, 0x0000000100000000)
  eden space 264192K, 100% used [0x00000000e0000000,0x00000000f0200000,0x00000000f0200000)
  from space 34304K, 0% used [0x00000000f0200000,0x00000000f0200000,0x00000000f2380000)
  to   space 121856K, 0% used [0x00000000f7f80000,0x00000000f7f80000,0x00000000ff680000)
 ParOldGen       total 1048576K, used 1048294K [0x00000000a0000000, 0x00000000e0000000, 0x00000000e0000000)
  object space 1048576K, 99% used [0x00000000a0000000,0x00000000dffb9a00,0x00000000e0000000)
 Metaspace       used 243218K, capacity 252632K, committed 254896K, reserved 1271808K
  class space    used 30463K, capacity 32454K, committed 32944K, reserved 1048576K
Event: 15607.523 GC heap after
Heap after GC invocations=253 (full 208):
 PSYoungGen      total 298496K, used 264191K [0x00000000e0000000, 0x00000000ff680000, 0x0000000100000000)
  eden space 264192K, 99% used [0x00000000e0000000,0x00000000f01fff90,0x00000000f0200000)
  from space 34304K, 0% used [0x00000000f0200000,0x00000000f0200000,0x00000000f2380000)
  to   space 121856K, 0% used [0x00000000f7f80000,0x00000000f7f80000,0x00000000ff680000)
 ParOldGen       total 1048576K, used 1048284K [0x00000000a0000000, 0x00000000e0000000, 0x00000000e0000000)
  object space 1048576K, 99% used [0x00000000a0000000,0x00000000dffb7238,0x00000000e0000000)
 Metaspace       used 243218K, capacity 252632K, committed 254896K, reserved 1271808K
  class space    used 30463K, capacity 32454K, committed 32944K, reserved 1048576K
}
Event: 15607.524 GC heap before
{Heap before GC invocations=254 (full 209):
 PSYoungGen      total 298496K, used 264192K [0x00000000e0000000, 0x00000000ff680000, 0x0000000100000000)
  eden space 264192K, 100% used [0x00000000e0000000,0x00000000f0200000,0x00000000f0200000)
  from space 34304K, 0% used [0x00000000f0200000,0x00000000f0200000,0x00000000f2380000)
  to   space 121856K, 0% used [0x00000000f7f80000,0x00000000f7f80000,0x00000000ff680000)
 ParOldGen       total 1048576K, used 1048284K [0x00000000a0000000, 0x00000000e0000000, 0x00000000e0000000)
  object space 1048576K, 99% used [0x00000000a0000000,0x00000000dffb7238,0x00000000e0000000)
 Metaspace       used 243218K, capacity 252632K, committed 254896K, reserved 1271808K
  class space    used 30463K, capacity 32454K, committed 32944K, reserved 1048576K
Event: 15608.135 GC heap after
Heap after GC invocations=254 (full 209):
 PSYoungGen      total 298496K, used 264191K [0x00000000e0000000, 0x00000000ff680000, 0x0000000100000000)
  eden space 264192K, 99% used [0x00000000e0000000,0x00000000f01fff90,0x00000000f0200000)
  from space 34304K, 0% used [0x00000000f0200000,0x00000000f0200000,0x00000000f2380000)
  to   space 121856K, 0% used [0x00000000f7f80000,0x00000000f7f80000,0x00000000ff680000)
 ParOldGen       total 1048576K, used 1048283K [0x00000000a0000000, 0x00000000e0000000, 0x00000000e0000000)
  object space 1048576K, 99% used [0x00000000a0000000,0x00000000dffb6e78,0x00000000e0000000)
 Metaspace       used 243214K, capacity 252626K, committed 254896K, reserved 1271808K
  class space    used 30462K, capacity 32453K, committed 32944K, reserved 1048576K
}
Event: 15608.135 GC heap before
{Heap before GC invocations=255 (full 210):
 PSYoungGen      total 298496K, used 264192K [0x00000000e0000000, 0x00000000ff680000, 0x0000000100000000)
  eden space 264192K, 100% used [0x00000000e0000000,0x00000000f0200000,0x00000000f0200000)
  from space 34304K, 0% used [0x00000000f0200000,0x00000000f0200000,0x00000000f2380000)
  to   space 121856K, 0% used [0x00000000f7f80000,0x00000000f7f80000,0x00000000ff680000)
 ParOldGen       total 1048576K, used 1048283K [0x00000000a0000000, 0x00000000e0000000, 0x00000000e0000000)
  object space 1048576K, 99% used [0x00000000a0000000,0x00000000dffb6e78,0x00000000e0000000)
 Metaspace       used 243214K, capacity 252626K, committed 254896K, reserved 1271808K
  class space    used 30462K, capacity 32453K, committed 32944K, reserved 1048576K
Event: 15608.739 GC heap after
Heap after GC invocations=255 (full 210):
 PSYoungGen      total 298496K, used 264191K [0x00000000e0000000, 0x00000000ff680000, 0x0000000100000000)
  eden space 264192K, 99% used [0x00000000e0000000,0x00000000f01fff30,0x00000000f0200000)
  from space 34304K, 0% used [0x00000000f0200000,0x00000000f0200000,0x00000000f2380000)
  to   space 121856K, 0% used [0x00000000f7f80000,0x00000000f7f80000,0x00000000ff680000)
 ParOldGen       total 1048576K, used 1048282K [0x00000000a0000000, 0x00000000e0000000, 0x00000000e0000000)
  object space 1048576K, 99% used [0x00000000a0000000,0x00000000dffb6810,0x00000000e0000000)
 Metaspace       used 243214K, capacity 252626K, committed 254896K, reserved 1271808K
  class space    used 30462K, capacity 32453K, committed 32944K, reserved 1048576K
}
Event: 15608.739 GC heap before
{Heap before GC invocations=256 (full 211):
 PSYoungGen      total 298496K, used 264192K [0x00000000e0000000, 0x00000000ff680000, 0x0000000100000000)
  eden space 264192K, 100% used [0x00000000e0000000,0x00000000f0200000,0x00000000f0200000)
  from space 34304K, 0% used [0x00000000f0200000,0x00000000f0200000,0x00000000f2380000)
  to   space 121856K, 0% used [0x00000000f7f80000,0x00000000f7f80000,0x00000000ff680000)
 ParOldGen       total 1048576K, used 1048282K [0x00000000a0000000, 0x00000000e0000000, 0x00000000e0000000)
  object space 1048576K, 99% used [0x00000000a0000000,0x00000000dffb6810,0x00000000e0000000)
 Metaspace       used 243214K, capacity 252626K, committed 254896K, reserved 1271808K
  class space    used 30462K, capacity 32453K, committed 32944K, reserved 1048576K

