# JRE version: Java(TM) SE Runtime Environment (8.0_45-b14) (build 1.8.0_45-b14)
# Java VM: Java HotSpot(TM) 64-Bit Server VM (25.45-b02 mixed mode windows-amd64 compressed oops)
Heap:
 PSYoungGen      total 365056K, used 227327K [0x00000000e0000000, 0x00000000ff400000, 0x0000000100000000)
  eden space 227328K, 99% used [0x00000000e0000000,0x00000000eddffff8,0x00000000ede00000)
  from space 137728K, 0% used [0x00000000f6d80000,0x00000000f6d80000,0x00000000ff400000)
  to   space 142336K, 0% used [0x00000000ede00000,0x00000000ede00000,0x00000000f6900000)
 ParOldGen       total 1048576K, used 1048360K [0x00000000a0000000, 0x00000000e0000000, 0x00000000e0000000)
  object space 1048576K, 99% used [0x00000000a0000000,0x00000000dffca1b8,0x00000000e0000000)
 Metaspace       used 221962K, capacity 229274K, committed 230440K, reserved 1251328K
  class space    used 27761K, capacity 29238K, committed 29480K, reserved 1048576K
GC Heap History (10 events):
Event: 8360.021 GC heap after
Heap after GC invocations=480 (full 436):
 PSYoungGen      total 365056K, used 227327K [0x00000000e0000000, 0x00000000ff400000, 0x0000000100000000)
  eden space 227328K, 99% used [0x00000000e0000000,0x00000000eddffff8,0x00000000ede00000)
  from space 137728K, 0% used [0x00000000f6d80000,0x00000000f6d80000,0x00000000ff400000)
  to   space 142336K, 0% used [0x00000000ede00000,0x00000000ede00000,0x00000000f6900000)
 ParOldGen       total 1048576K, used 1048362K [0x00000000a0000000, 0x00000000e0000000, 0x00000000e0000000)
  object space 1048576K, 99% used [0x00000000a0000000,0x00000000dffcab80,0x00000000e0000000)
 Metaspace       used 221965K, capacity 229280K, committed 230440K, reserved 1251328K
  class space    used 27761K, capacity 29239K, committed 29480K, reserved 1048576K
}
Event: 8360.021 GC heap before
{Heap before GC invocations=481 (full 437):
 PSYoungGen      total 365056K, used 227327K [0x00000000e0000000, 0x00000000ff400000, 0x0000000100000000)
  eden space 227328K, 99% used [0x00000000e0000000,0x00000000eddffff8,0x00000000ede00000)
  from space 137728K, 0% used [0x00000000f6d80000,0x00000000f6d80000,0x00000000ff400000)
  to   space 142336K, 0% used [0x00000000ede00000,0x00000000ede00000,0x00000000f6900000)
 ParOldGen       total 1048576K, used 1048365K [0x00000000a0000000, 0x00000000e0000000, 0x00000000e0000000)
  object space 1048576K, 99% used [0x00000000a0000000,0x00000000dffcb758,0x00000000e0000000)
 Metaspace       used 221965K, capacity 229280K, committed 230440K, reserved 1251328K
  class space    used 27761K, capacity 29239K, committed 29480K, reserved 1048576K
Event: 8360.630 GC heap after
Heap after GC invocations=481 (full 437):
 PSYoungGen      total 365056K, used 227327K [0x00000000e0000000, 0x00000000ff400000, 0x0000000100000000)
  eden space 227328K, 99% used [0x00000000e0000000,0x00000000eddffff8,0x00000000ede00000)
  from space 137728K, 0% used [0x00000000f6d80000,0x00000000f6d80000,0x00000000ff400000)
  to   space 142336K, 0% used [0x00000000ede00000,0x00000000ede00000,0x00000000f6900000)
 ParOldGen       total 1048576K, used 1048364K [0x00000000a0000000, 0x00000000e0000000, 0x00000000e0000000)
  object space 1048576K, 99% used [0x00000000a0000000,0x00000000dffcb3a0,0x00000000e0000000)
 Metaspace       used 221965K, capacity 229280K, committed 230440K, reserved 1251328K
  class space    used 27761K, capacity 29239K, committed 29480K, reserved 1048576K
}
Event: 8360.630 GC heap before
{Heap before GC invocations=482 (full 438):
 PSYoungGen      total 365056K, used 227327K [0x00000000e0000000, 0x00000000ff400000, 0x0000000100000000)
  eden space 227328K, 99% used [0x00000000e0000000,0x00000000eddffff8,0x00000000ede00000)
  from space 137728K, 0% used [0x00000000f6d80000,0x00000000f6d80000,0x00000000ff400000)
  to   space 142336K, 0% used [0x00000000ede00000,0x00000000ede00000,0x00000000f6900000)
 ParOldGen       total 1048576K, used 1048367K [0x00000000a0000000, 0x00000000e0000000, 0x00000000e0000000)
  object space 1048576K, 99% used [0x00000000a0000000,0x00000000dffcbff0,0x00000000e0000000)
 Metaspace       used 221966K, capacity 229280K, committed 230440K, reserved 1251328K
  class space    used 27761K, capacity 29239K, committed 29480K, reserved 1048576K
Event: 8361.239 GC heap after
Heap after GC invocations=482 (full 438):
 PSYoungGen      total 365056K, used 227327K [0x00000000e0000000, 0x00000000ff400000, 0x0000000100000000)
  eden space 227328K, 99% used [0x00000000e0000000,0x00000000eddfffe0,0x00000000ede00000)
  from space 137728K, 0% used [0x00000000f6d80000,0x00000000f6d80000,0x00000000ff400000)
  to   space 142336K, 0% used [0x00000000ede00000,0x00000000ede00000,0x00000000f6900000)
 ParOldGen       total 1048576K, used 1048357K [0x00000000a0000000, 0x00000000e0000000, 0x00000000e0000000)
  object space 1048576K, 99% used [0x00000000a0000000,0x00000000dffc9798,0x00000000e0000000)
 Metaspace       used 221966K, capacity 229280K, committed 230440K, reserved 1251328K
  class space    used 27761K, capacity 29239K, committed 29480K, reserved 1048576K
}
Event: 8361.240 GC heap before
{Heap before GC invocations=483 (full 439):
 PSYoungGen      total 365056K, used 227327K [0x00000000e0000000, 0x00000000ff400000, 0x0000000100000000)
  eden space 227328K, 99% used [0x00000000e0000000,0x00000000eddffff8,0x00000000ede00000)
  from space 137728K, 0% used [0x00000000f6d80000,0x00000000f6d80000,0x00000000ff400000)
  to   space 142336K, 0% used [0x00000000ede00000,0x00000000ede00000,0x00000000f6900000)
 ParOldGen       total 1048576K, used 1048360K [0x00000000a0000000, 0x00000000e0000000, 0x00000000e0000000)
  object space 1048576K, 99% used [0x00000000a0000000,0x00000000dffca100,0x00000000e0000000)
 Metaspace       used 221966K, capacity 229280K, committed 230440K, reserved 1251328K
  class space    used 27761K, capacity 29239K, committed 29480K, reserved 1048576K
Event: 8361.865 GC heap after
Heap after GC invocations=483 (full 439):
 PSYoungGen      total 365056K, used 227327K [0x00000000e0000000, 0x00000000ff400000, 0x0000000100000000)
  eden space 227328K, 99% used [0x00000000e0000000,0x00000000eddfffe0,0x00000000ede00000)
  from space 137728K, 0% used [0x00000000f6d80000,0x00000000f6d80000,0x00000000ff400000)
  to   space 142336K, 0% used [0x00000000ede00000,0x00000000ede00000,0x00000000f6900000)
 ParOldGen       total 1048576K, used 1048358K [0x00000000a0000000, 0x00000000e0000000, 0x00000000e0000000)
  object space 1048576K, 99% used [0x00000000a0000000,0x00000000dffc98a0,0x00000000e0000000)
 Metaspace       used 221962K, capacity 229274K, committed 230440K, reserved 1251328K
  class space    used 27761K, capacity 29238K, committed 29480K, reserved 1048576K
}
Event: 8361.865 GC heap before
{Heap before GC invocations=484 (full 440):
 PSYoungGen      total 365056K, used 227327K [0x00000000e0000000, 0x00000000ff400000, 0x0000000100000000)
  eden space 227328K, 99% used [0x00000000e0000000,0x00000000eddffff8,0x00000000ede00000)
  from space 137728K, 0% used [0x00000000f6d80000,0x00000000f6d80000,0x00000000ff400000)
  to   space 142336K, 0% used [0x00000000ede00000,0x00000000ede00000,0x00000000f6900000)
 ParOldGen       total 1048576K, used 1048358K [0x00000000a0000000, 0x00000000e0000000, 0x00000000e0000000)
  object space 1048576K, 99% used [0x00000000a0000000,0x00000000dffc98a0,0x00000000e0000000)
 Metaspace       used 221962K, capacity 229274K, committed 230440K, reserved 1251328K
  class space    used 27761K, capacity 29238K, committed 29480K, reserved 1048576K
Event: 8362.473 GC heap after
Heap after GC invocations=484 (full 440):
 PSYoungGen      total 365056K, used 227327K [0x00000000e0000000, 0x00000000ff400000, 0x0000000100000000)
  eden space 227328K, 99% used [0x00000000e0000000,0x00000000eddffff8,0x00000000ede00000)
  from space 137728K, 0% used [0x00000000f6d80000,0x00000000f6d80000,0x00000000ff400000)
  to   space 142336K, 0% used [0x00000000ede00000,0x00000000ede00000,0x00000000f6900000)
 ParOldGen       total 1048576K, used 1048358K [0x00000000a0000000, 0x00000000e0000000, 0x00000000e0000000)
  object space 1048576K, 99% used [0x00000000a0000000,0x00000000dffc98a0,0x00000000e0000000)
 Metaspace       used 221962K, capacity 229274K, committed 230440K, reserved 1251328K
  class space    used 27761K, capacity 29238K, committed 29480K, reserved 1048576K
}
Event: 8362.473 GC heap before
{Heap before GC invocations=485 (full 441):
 PSYoungGen      total 365056K, used 227327K [0x00000000e0000000, 0x00000000ff400000, 0x0000000100000000)
  eden space 227328K, 99% used [0x00000000e0000000,0x00000000eddffff8,0x00000000ede00000)
  from space 137728K, 0% used [0x00000000f6d80000,0x00000000f6d80000,0x00000000ff400000)
  to   space 142336K, 0% used [0x00000000ede00000,0x00000000ede00000,0x00000000f6900000)
 ParOldGen       total 1048576K, used 1048360K [0x00000000a0000000, 0x00000000e0000000, 0x00000000e0000000)
  object space 1048576K, 99% used [0x00000000a0000000,0x00000000dffca1b8,0x00000000e0000000)
 Metaspace       used 221962K, capacity 229274K, committed 230440K, reserved 1251328K
  class space    used 27761K, capacity 29238K, committed 29480K, reserved 1048576K

